\BOOKMARK [1][]{section.1}{\376\377\116\000\060\001\000\040\225\356\230\230\221\315\217\360}{}% 1
\BOOKMARK [2][]{subsection.1.1}{\376\377\0001\000.\0001\000\040\225\356\230\230\166\204\143\320\121\372}{section.1}% 2
\BOOKMARK [1][]{section.2}{\376\377\116\214\060\001\000\040\225\356\230\230\122\006\147\220}{}% 3
\BOOKMARK [2][]{subsection.2.1}{\376\377\0002\000.\0001\000\040\225\356\230\230\116\000\122\006\147\220}{section.2}% 4
\BOOKMARK [2][]{subsection.2.2}{\376\377\0002\000.\0002\000\040\225\356\230\230\0002\166\204\122\006\147\220}{section.2}% 5
\BOOKMARK [2][]{subsection.2.3}{\376\377\0002\000.\0003\000\040\225\356\230\230\0003\166\204\122\006\147\220}{section.2}% 6
\BOOKMARK [1][]{section.3}{\376\377\116\011\060\001\000\040\152\041\127\213\120\107\213\276}{}% 7
\BOOKMARK [1][]{section.4}{\376\377\126\333\060\001\000\040\173\046\123\367\213\364\146\016}{}% 8
\BOOKMARK [1][]{section.5}{\376\377\116\224\060\001\000\040\152\041\127\213\121\306\131\007}{}% 9
\BOOKMARK [2][]{subsection.5.1}{\376\377\0005\000.\0001\000\040\152\041\127\213\121\306\131\007}{section.5}% 10
\BOOKMARK [1][]{section.6}{\376\377\121\155\060\001\000\040\152\041\127\213\166\204\136\372\172\313\116\016\154\102\211\343}{}% 11
\BOOKMARK [2][]{subsection.6.1}{\376\377\0006\000.\0001\000\040\225\356\230\230\116\000\152\041\127\213\136\372\172\313}{section.6}% 12
\BOOKMARK [3][]{subsubsection.6.1.1}{\376\377\0006\000.\0001\000.\0001\000\040\171\373\122\250\124\016\124\004\160\271\127\120\150\007}{subsection.6.1}% 13
\BOOKMARK [3][]{subsubsection.6.1.2}{\376\377\0006\000.\0001\000.\0002\000\040\154\102\211\343\164\006\140\363\142\233\162\151\176\277}{subsection.6.1}% 14
\BOOKMARK [2][]{subsection.6.2}{\376\377\0006\000.\0002\000\040\225\356\230\230\116\214\152\041\127\213\136\372\172\313}{section.6}% 15
\BOOKMARK [3][]{subsubsection.6.2.1}{\376\377\0006\000.\0002\000.\0001\000\040\145\313\217\154\122\115\166\204\145\143\160\271\126\376}{subsection.6.2}% 16
\BOOKMARK [3][]{subsubsection.6.2.2}{\376\377\0006\000.\0002\000.\0002\000\040\116\044\202\202\160\271\146\057\124\046\166\370\220\273\166\204\122\044\145\255}{subsection.6.2}% 17
\BOOKMARK [3][]{subsubsection.6.2.3}{\376\377\0006\000.\0002\000.\0003\000\040\133\371\145\164\117\123\217\333\210\114\145\313\217\154}{subsection.6.2}% 18
\BOOKMARK [3][]{subsubsection.6.2.4}{\376\377\0006\000.\0002\000.\0004\000\040\145\313\217\154\124\016\166\204\145\143\160\271\126\376}{subsection.6.2}% 19
\BOOKMARK [3][]{subsubsection.6.2.5}{\376\377\0006\000.\0002\000.\0005\000\040\127\120\150\007\217\154\123\026\116\072\124\021\221\317\137\142\137\017}{subsection.6.2}% 20
\BOOKMARK [3][]{subsubsection.6.2.6}{\376\377\0006\000.\0002\000.\0006\000\040\154\102\211\343\166\204\145\271\172\013\176\304}{subsection.6.2}% 21
\BOOKMARK [3][]{subsubsection.6.2.7}{\376\377\0006\000.\0002\000.\0007\000\040\154\102\121\372\164\006\140\363\142\233\162\151\227\142\166\204\120\074}{subsection.6.2}% 22
\BOOKMARK [3][]{subsubsection.6.2.8}{\376\377\0006\000.\0002\000.\0008\000\040\133\371\166\204\176\246\147\137}{subsection.6.2}% 23
\BOOKMARK [3][]{subsubsection.6.2.9}{\376\377\0006\000.\0002\000.\0009\000\040\173\054\116\011\230\230\152\041\127\213\136\372\172\313}{subsection.6.2}% 24
\BOOKMARK [1][]{section.7}{\376\377\116\003\060\001\000\040\121\166\133\203\134\017\122\237\200\375}{}% 25
\BOOKMARK [2][]{subsection.7.1}{\376\377\0007\000.\0001\000\040\201\032\154\350}{section.7}% 26
\BOOKMARK [2][]{subsection.7.2}{\376\377\0007\000.\0002\000\040\220\350\122\006\162\171\153\212\173\046\123\367\166\204\217\223\121\145}{section.7}% 27
\BOOKMARK [2][]{subsection.7.3}{\376\377\0007\000.\0003\000\040\145\340\136\217\122\027\210\150\116\016\147\011\136\217\122\027\210\150}{section.7}% 28
\BOOKMARK [2][]{subsection.7.4}{\376\377\0007\000.\0004\000\040\133\127\117\123\122\240\174\227\116\016\145\234\117\123}{section.7}% 29
\BOOKMARK [1][]{section.8}{\376\377\121\153\060\001\000\040\123\302\200\003\145\207\163\056\116\016\137\025\165\050}{}% 30
\BOOKMARK [1][]{section*.8}{\376\377\123\302\200\003\145\207\163\056}{}% 31
\BOOKMARK [1][]{appendix.a.A}{\376\377\226\104\137\125\000\040\000A\000\040\152\041\147\177\142\100\165\050\166\204\133\217\123\005}{}% 32
\BOOKMARK [1][]{appendix.a.B}{\376\377\226\104\137\125\000\040\000B\000\040\143\222\226\037\173\227\154\325\040\023\000m\000a\000t\000l\000a\000b\000\040\156\220\172\013\136\217}{}% 33
\BOOKMARK [1][]{appendix.a.C}{\376\377\226\104\137\125\000\040\000C\000\040\211\304\122\022\211\343\121\263\172\013\136\217\040\023\000l\000i\000n\000g\000o\156\220\116\343\170\001}{}% 34
