\BOOKMARK [1][]{section.1}{\376\377\116\000\060\001\000\040\225\356\230\230\166\204\200\314\146\157\116\016\221\315\217\360}{}% 1
\BOOKMARK [2][]{subsection.1.1}{\376\377\0001\000.\0001\000\040\225\356\230\230\166\204\143\320\121\372}{section.1}% 2
\BOOKMARK [2][]{subsection.1.2}{\376\377\0001\000.\0002\000\040\225\356\230\230\221\315\217\360}{section.1}% 3
\BOOKMARK [1][]{section.2}{\376\377\116\214\060\001\000\040\225\356\230\230\122\006\147\220}{}% 4
\BOOKMARK [2][]{subsection.2.1}{\376\377\0002\000.\0001\000\040\225\356\230\230\0001\166\204\122\006\147\220}{section.2}% 5
\BOOKMARK [2][]{subsection.2.2}{\376\377\0002\000.\0002\000\040\225\356\230\230\0002\166\204\122\006\147\220}{section.2}% 6
\BOOKMARK [2][]{subsection.2.3}{\376\377\0002\000.\0003\000\040\225\356\230\230\0003\166\204\122\006\147\220}{section.2}% 7
\BOOKMARK [2][]{subsection.2.4}{\376\377\0002\000.\0004\000\040\225\356\230\230\0004\166\204\122\006\147\220}{section.2}% 8
\BOOKMARK [1][]{section.3}{\376\377\116\011\060\001\000\040\152\041\127\213\120\107\213\276}{}% 9
\BOOKMARK [1][]{section.4}{\376\377\126\333\060\001\000\040\173\046\123\367\213\364\146\016}{}% 10
\BOOKMARK [1][]{section.5}{\376\377\116\224\060\001\000\040\152\041\127\213\121\306\131\007}{}% 11
\BOOKMARK [2][]{subsection.5.1}{\376\377\0005\000.\0001\000\040\226\104\116\366\145\160\143\156\131\004\164\006}{section.5}% 12
\BOOKMARK [3][]{subsubsection.5.1.1}{\376\377\0005\000.\0001\000.\0001\000\040\160\211\156\051\146\362\176\277\166\204\176\330\122\066\116\016\156\051\136\246\123\330\123\026\122\006\147\220}{subsection.5.1}% 13
\BOOKMARK [3][]{subsubsection.5.1.2}{\376\377\0005\000.\0001\000.\0002\000\040\131\047\156\051\123\072\122\044\145\255}{subsection.5.1}% 14
\BOOKMARK [2][]{subsection.5.2}{\376\377\0005\000.\0002\000\040\156\051\136\246\123\072\127\337\122\006\123\072\131\004\164\006}{section.5}% 15
\BOOKMARK [2][]{subsection.5.3}{\376\377\0005\000.\0003\000\040\127\120\150\007\174\373\166\204\136\372\172\313}{section.5}% 16
\BOOKMARK [3][]{subsubsection.5.3.1}{\376\377\0005\000.\0003\000.\0001\000\040\116\345\165\065\133\120\121\103\116\366\116\072\123\302\200\003\166\204\127\120\150\007\174\373\377\010\116\013\171\360\127\120\150\007\174\373\0001\377\011}{subsection.5.3}% 17
\BOOKMARK [3][]{subsubsection.5.3.2}{\376\377\0005\000.\0003\000.\0002\000\040\116\345\126\336\161\012\160\211\116\072\123\302\200\003\166\204\127\120\150\007\174\373\377\010\116\013\171\360\127\120\150\007\174\373\0002\377\011}{subsection.5.3}% 18
\BOOKMARK [1][]{section.6}{\376\377\121\155\060\001\000\040\152\041\127\213\166\204\136\372\172\313\116\016\154\102\211\343}{}% 19
\BOOKMARK [2][]{subsection.6.1}{\376\377\0006\000.\0001\000\040\225\356\230\230\116\000}{section.6}% 20
\BOOKMARK [3][]{subsubsection.6.1.1}{\376\377\0006\000.\0001\000.\0001\000\040\161\012\143\245\123\072\127\337\156\051\136\246\226\217\145\366\225\364\123\330\123\026\166\204\152\041\127\213\136\372\172\313}{subsection.6.1}% 21
\BOOKMARK [3][]{subsubsection.6.1.2}{\376\377\0006\000.\0001\000.\0002\000\040\140\122\133\232\156\051\136\246\123\072\127\337\166\204\152\041\127\213\136\372\172\313}{subsection.6.1}% 22
\BOOKMARK [3][]{subsubsection.6.1.3}{\376\377\0006\000.\0001\000.\0003\000\040\160\211\122\115\123\072\127\337\166\204\152\041\127\213\136\372\172\313}{subsection.6.1}% 23
\BOOKMARK [3][]{subsubsection.6.1.4}{\376\377\0006\000.\0001\000.\0004\000\040\123\330\156\051\225\364\226\231\166\204\152\041\127\213\136\372\172\313}{subsection.6.1}% 24
\BOOKMARK [3][]{subsubsection.6.1.5}{\376\377\0006\000.\0001\000.\0005\000\040\121\267\123\164\123\072\152\041\127\213\136\372\172\313}{subsection.6.1}% 25
\BOOKMARK [3][]{subsubsection.6.1.6}{\376\377\0006\000.\0001\000.\0006\000\040\147\011\226\120\135\356\122\006\154\325\000l\000i\000s\000h\000a\000n\0002\0000\0002\0000\217\333\210\114\152\041\127\213\154\102\211\343}{subsection.6.1}% 26
\BOOKMARK [3][]{subsubsection.6.1.7}{\376\377\0006\000.\0001\000.\0007\000\040\147\000\134\017\116\214\116\130\154\325\170\156\133\232\152\041\127\213\174\373\145\160\000a\0002}{subsection.6.1}% 27
\BOOKMARK [3][]{subsubsection.6.1.8}{\376\377\0006\000.\0001\000.\0008\000\040\152\041\127\213\154\102\211\343\176\323\147\234\116\016\122\006\147\220}{subsection.6.1}% 28
\BOOKMARK [2][]{subsection.6.2}{\376\377\0006\000.\0002\000\040\000\040\173\054\116\214\230\230}{section.6}% 29
\BOOKMARK [3][]{subsubsection.6.2.1}{\376\377\0006\000.\0002\000.\0001\000\040\161\012\143\245\116\055\137\303\156\051\136\246\226\217\220\037\136\246\123\330\123\026\152\041\127\213\136\372\172\313}{subsection.6.2}% 30
\BOOKMARK [3][]{subsubsection.6.2.2}{\376\377\0006\000.\0002\000.\0002\000\040\147\000\131\047\220\037\136\246\143\247\122\066\152\041\127\213\136\372\172\313}{subsection.6.2}% 31
\BOOKMARK [3][]{subsubsection.6.2.3}{\376\377\0006\000.\0002\000.\0003\000\040\152\041\127\213\154\102\211\343}{subsection.6.2}% 32
\BOOKMARK [3][]{subsubsection.6.2.4}{\376\377\0006\000.\0002\000.\0004\000\040\220\115\123\206\173\227\154\325\154\102\211\343\000v}{subsection.6.2}% 33
\BOOKMARK [3][]{subsubsection.6.2.5}{\376\377\0006\000.\0002\000.\0005\000\040\176\323\147\234\134\125\171\072\123\312\122\006\147\220}{subsection.6.2}% 34
\BOOKMARK [1][]{section.7}{\376\377\116\003\060\001\000\040\176\330\122\066\146\156\220\032\116\011\176\277\210\150\150\074}{}% 35
\BOOKMARK [1][]{section.8}{\376\377\121\153\060\001\000\040\121\154\137\017}{}% 36
\BOOKMARK [1][]{section.9}{\376\377\116\135\060\001\000\040\121\166\133\203\134\017\122\237\200\375}{}% 37
\BOOKMARK [2][]{subsection.9.1}{\376\377\0009\000.\0001\000\040\201\032\154\350}{section.9}% 38
\BOOKMARK [2][]{subsection.9.2}{\376\377\0009\000.\0002\000\040\220\350\122\006\162\171\153\212\173\046\123\367\166\204\217\223\121\145}{section.9}% 39
\BOOKMARK [2][]{subsection.9.3}{\376\377\0009\000.\0003\000\040\145\340\136\217\122\027\210\150\116\016\147\011\136\217\122\027\210\150}{section.9}% 40
\BOOKMARK [2][]{subsection.9.4}{\376\377\0009\000.\0004\000\040\133\127\117\123\122\240\174\227\116\016\145\234\117\123}{section.9}% 41
\BOOKMARK [1][]{section.10}{\376\377\123\101\060\001\000\040\123\302\200\003\145\207\163\056\116\016\137\025\165\050}{}% 42
\BOOKMARK [1][]{section*.18}{\376\377\123\302\200\003\145\207\163\056}{}% 43
\BOOKMARK [1][]{appendix.a.A}{\376\377\226\104\137\125\000\040\000A\000\040\152\041\147\177\142\100\165\050\166\204\133\217\123\005}{}% 44
\BOOKMARK [1][]{appendix.a.B}{\376\377\226\104\137\125\000\040\000B\000\040\143\222\226\037\173\227\154\325\040\023\000m\000a\000t\000l\000a\000b\000\040\156\220\172\013\136\217}{}% 45
\BOOKMARK [1][]{appendix.a.C}{\376\377\226\104\137\125\000\040\000C\000\040\211\304\122\022\211\343\121\263\172\013\136\217\040\023\000l\000i\000n\000g\000o\156\220\116\343\170\001}{}% 46
